[debug] [2021-09-05T04:55:37.524Z] ----------------------------------------------------------------------
[debug] [2021-09-05T04:55:37.532Z] Command:       C:\Program Files\nodejs\node.exe C:\Users\Shady\AppData\Roaming\npm\node_modules\firebase-tools\lib\bin\firebase.js init
[debug] [2021-09-05T04:55:37.534Z] CLI Version:   9.17.0
[debug] [2021-09-05T04:55:37.534Z] Platform:      win32
[debug] [2021-09-05T04:55:37.534Z] Node Version:  v14.17.1
[debug] [2021-09-05T04:55:37.536Z] Time:          Sun Sep 05 2021 10:25:37 GMT+0530 (India Standard Time)
[debug] [2021-09-05T04:55:37.537Z] ----------------------------------------------------------------------
[debug] 
[debug] [2021-09-05T04:55:37.712Z] > command requires scopes: ["email","openid","https://www.googleapis.com/auth/cloudplatformprojects.readonly","https://www.googleapis.com/auth/firebase","https://www.googleapis.com/auth/cloud-platform"]
[debug] [2021-09-05T04:55:37.713Z] > authorizing via signed-in user (bnmanubharadwaj@gmail.com)
[info] 
     ######## #### ########  ######## ########     ###     ######  ########
     ##        ##  ##     ## ##       ##     ##  ##   ##  ##       ##
     ######    ##  ########  ######   ########  #########  ######  ######
     ##        ##  ##    ##  ##       ##     ## ##     ##       ## ##
     ##       #### ##     ## ######## ########  ##     ##  ######  ########

You're about to initialize a Firebase project in this directory:

  C:\Users\Shady\Desktop\data-structure-demo

Before we get started, keep in mind:

  * You are initializing within an existing Firebase project directory

